28.07.2022 - 18:02:54 - [TAB v3.1.2] Something just tried to add player Zqnqx into team 0 (expected team: 02ZqnqxA)
28.07.2022 - 18:04:26 - [TAB v3.1.2] Something just tried to add player skdu into team 1 (expected team: 08skduA)
28.07.2022 - 18:04:26 - [TAB v3.1.2] Something just tried to add player Zqnqx into team 0 (expected team: 02ZqnqxA)
28.07.2022 - 18:04:26 - [TAB v3.1.2] Something just tried to add player skdu into team 1 (expected team: 08skduA)
28.07.2022 - 18:04:26 - [TAB v3.1.2] Something just tried to add player Zqnqx into team 7 (expected team: 02ZqnqxA)
28.07.2022 - 18:04:26 - [TAB v3.1.2] Something just tried to add player skdu into team 8 (expected team: 08skduA)
28.07.2022 - 18:04:26 - [TAB v3.1.2] Something just tried to add player Zqnqx into team 7 (expected team: 02ZqnqxA)
28.07.2022 - 18:04:26 - [TAB v3.1.2] Something just tried to add player skdu into team 8 (expected team: 08skduA)
28.07.2022 - 18:05:09 - [TAB v3.1.2] Something just tried to add player GabsWantsMilk into team 0 (expected team: 03GabsWantsMilkA)
28.07.2022 - 18:05:09 - [TAB v3.1.2] Something just tried to add player skdu into team 1 (expected team: 08skduA)
28.07.2022 - 18:05:09 - [TAB v3.1.2] Something just tried to add player GabsWantsMilk into team 13 (expected team: 03GabsWantsMilkA)
28.07.2022 - 18:05:09 - [TAB v3.1.2] Something just tried to add player skdu into team 14 (expected team: 08skduA)
28.07.2022 - 18:06:01 - [TAB v3.1.2] Something just tried to add player GabsWantsMilk into team 13 (expected team: 03GabsWantsMilkA)
28.07.2022 - 18:06:11 - [TAB v3.1.2] Something just tried to add player skdu into team 0 (expected team: 08skduA)
28.07.2022 - 18:06:35 - [TAB v3.1.2] Something just tried to add player GabsWantsMilk into team 0 (expected team: 03GabsWantsMilkA)
28.07.2022 - 18:07:14 - [TAB v3.1.2] Something just tried to add player skdu into team 1 (expected team: 08skduA)
28.07.2022 - 18:07:14 - [TAB v3.1.2] Something just tried to add player GabsWantsMilk into team 0 (expected team: 03GabsWantsMilkA)
28.07.2022 - 18:07:14 - [TAB v3.1.2] Something just tried to add player GabsWantsMilk into team 24 (expected team: 03GabsWantsMilkA)
28.07.2022 - 18:07:14 - [TAB v3.1.2] Something just tried to add player skdu into team 1 (expected team: 08skduA)
28.07.2022 - 18:07:14 - [TAB v3.1.2] Something just tried to add player skdu into team 25 (expected team: 08skduA)
28.07.2022 - 18:07:14 - [TAB v3.1.2] Something just tried to add player GabsWantsMilk into team 24 (expected team: 03GabsWantsMilkA)
28.07.2022 - 18:07:14 - [TAB v3.1.2] Something just tried to add player skdu into team 25 (expected team: 08skduA)
28.07.2022 - 18:07:38 - [TAB v3.1.2] Something just tried to add player XanyXerus into team 0 (expected team: 08XanyXerusA)
28.07.2022 - 18:07:41 - [TAB v3.1.2] Something just tried to add player skdu into team 25 (expected team: 08skduA)
28.07.2022 - 18:07:41 - [TAB v3.1.2] Something just tried to add player skdu into team 25 (expected team: 08skduA)
28.07.2022 - 18:08:00 - [TAB v3.1.2] Something just tried to add player GabsWantsMilk into team 1 (expected team: 03GabsWantsMilkA)
28.07.2022 - 18:08:00 - [TAB v3.1.2] Something just tried to add player XanyXerus into team 0 (expected team: 08XanyXerusA)
28.07.2022 - 18:08:00 - [TAB v3.1.2] Something just tried to add player GabsWantsMilk into team 1 (expected team: 03GabsWantsMilkA)
28.07.2022 - 18:08:00 - [TAB v3.1.2] Something just tried to add player XanyXerus into team 30 (expected team: 08XanyXerusA)
28.07.2022 - 18:08:00 - [TAB v3.1.2] Something just tried to add player GabsWantsMilk into team 31 (expected team: 03GabsWantsMilkA)
28.07.2022 - 18:08:00 - [TAB v3.1.2] Something just tried to add player XanyXerus into team 30 (expected team: 08XanyXerusA)
28.07.2022 - 18:08:00 - [TAB v3.1.2] Something just tried to add player GabsWantsMilk into team 31 (expected team: 03GabsWantsMilkA)
28.07.2022 - 18:08:01 - [TAB v3.1.2] Something just tried to add player Zqnqx into team 0 (expected team: 02ZqnqxA)
28.07.2022 - 18:08:36 - [TAB v3.1.2] Something just tried to add player XanyXerus into team 30 (expected team: 08XanyXerusA)
28.07.2022 - 18:08:40 - [TAB v3.1.2] Something just tried to add player skdu into team 1 (expected team: 08skduA)
28.07.2022 - 18:08:40 - [TAB v3.1.2] Something just tried to add player Zqnqx into team 0 (expected team: 02ZqnqxA)
28.07.2022 - 18:08:40 - [TAB v3.1.2] Something just tried to add player skdu into team 1 (expected team: 08skduA)
28.07.2022 - 18:08:44 - [TAB v3.1.2] Something just tried to add player Zqnqx into team 36 (expected team: 02ZqnqxA)
28.07.2022 - 18:08:44 - [TAB v3.1.2] Something just tried to add player skdu into team 37 (expected team: 08skduA)
28.07.2022 - 18:08:44 - [TAB v3.1.2] Something just tried to add player Zqnqx into team 36 (expected team: 02ZqnqxA)
28.07.2022 - 18:08:44 - [TAB v3.1.2] Something just tried to add player skdu into team 37 (expected team: 08skduA)
28.07.2022 - 18:08:51 - [TAB v3.1.2] Something just tried to add player GabsWantsMilk into team 0 (expected team: 03GabsWantsMilkA)
28.07.2022 - 18:09:10 - [TAB v3.1.2] Something just tried to add player skdu into team 37 (expected team: 08skduA)
28.07.2022 - 18:09:18 - [TAB v3.1.2] Something just tried to add player Zqnqx into team 1 (expected team: 02ZqnqxA)
28.07.2022 - 18:09:18 - [TAB v3.1.2] Something just tried to add player GabsWantsMilk into team 0 (expected team: 03GabsWantsMilkA)
28.07.2022 - 18:09:18 - [TAB v3.1.2] Something just tried to add player Zqnqx into team 1 (expected team: 02ZqnqxA)
28.07.2022 - 18:09:18 - [TAB v3.1.2] Something just tried to add player skdu into team 0 (expected team: 08skduA)
28.07.2022 - 18:09:19 - [TAB v3.1.2] Something just tried to add player GabsWantsMilk into team 42 (expected team: 03GabsWantsMilkA)
28.07.2022 - 18:09:19 - [TAB v3.1.2] Something just tried to add player Zqnqx into team 43 (expected team: 02ZqnqxA)
28.07.2022 - 18:10:21 - [TAB v3.1.2] Something just tried to add player Zqnqx into team 1 (expected team: 02ZqnqxA)
28.07.2022 - 18:10:21 - [TAB v3.1.2] Something just tried to add player skdu into team 0 (expected team: 08skduA)
28.07.2022 - 18:10:21 - [TAB v3.1.2] Something just tried to add player Zqnqx into team 1 (expected team: 02ZqnqxA)
28.07.2022 - 18:10:21 - [TAB v3.1.2] Something just tried to add player skdu into team 48 (expected team: 08skduA)
28.07.2022 - 18:10:21 - [TAB v3.1.2] Something just tried to add player Zqnqx into team 49 (expected team: 02ZqnqxA)
28.07.2022 - 18:10:21 - [TAB v3.1.2] Something just tried to add player skdu into team 48 (expected team: 08skduA)
28.07.2022 - 18:10:21 - [TAB v3.1.2] Something just tried to add player Zqnqx into team 49 (expected team: 02ZqnqxA)
28.07.2022 - 18:10:23 - [TAB v3.1.2] Something just tried to add player GabsWantsMilk into team 0 (expected team: 03GabsWantsMilkA)
28.07.2022 - 18:10:45 - [TAB v3.1.2] Something just tried to add player skdu into team 48 (expected team: 08skduA)
28.07.2022 - 18:18:25 - [TAB v3.1.2] Something just tried to add player Zqnqx into team 0 (expected team: 02ZqnqxA)
28.07.2022 - 18:27:51 - [TAB v3.1.2] Something just tried to add player Zqnqx into team 85 (expected team: 02ZqnqxA)
28.07.2022 - 18:27:51 - [TAB v3.1.2] Something just tried to add player Zqnqx into team 0 (expected team: 02ZqnqxA)
28.07.2022 - 18:32:30 - [TAB v3.1.2] Something just tried to add player Zqnqx into team 85 (expected team: 02ZqnqxA)
28.07.2022 - 18:32:30 - [TAB v3.1.2] Something just tried to add player XanyXerus into team 87 (expected team: 08XanyXerusA)
28.07.2022 - 18:32:30 - [TAB v3.1.2] Something just tried to add player Zqnqx into team 0 (expected team: 02ZqnqxA)
28.07.2022 - 18:32:30 - [TAB v3.1.2] Something just tried to add player XanyXerus into team 1 (expected team: 08XanyXerusA)
28.07.2022 - 18:33:36 - [TAB v3.1.2] Something just tried to add player skdu into team 2 (expected team: 08skduA)
28.07.2022 - 18:33:36 - [TAB v3.1.2] Something just tried to add player skdu into team 89 (expected team: 08skduA)
28.07.2022 - 18:33:36 - [TAB v3.1.2] Something just tried to add player Zqnqx into team 85 (expected team: 02ZqnqxA)
28.07.2022 - 18:33:36 - [TAB v3.1.2] Something just tried to add player XanyXerus into team 87 (expected team: 08XanyXerusA)
28.07.2022 - 18:33:36 - [TAB v3.1.2] Something just tried to add player Zqnqx into team 0 (expected team: 02ZqnqxA)
28.07.2022 - 18:33:36 - [TAB v3.1.2] Something just tried to add player XanyXerus into team 1 (expected team: 08XanyXerusA)
28.07.2022 - 18:33:36 - [TAB v3.1.2] Something just tried to add player skdu into team 2 (expected team: 08skduA)
28.07.2022 - 18:37:29 - [TAB v3.1.2] Something just tried to add player Zqnqx into team 0 (expected team: 02ZqnqxA)
28.07.2022 - 18:37:29 - [TAB v3.1.2] Something just tried to add player Zqnqx into team 16 (expected team: 02ZqnqxA)
28.07.2022 - 18:37:29 - [TAB v3.1.2] Something just tried to add player Zqnqx into team 0 (expected team: 02ZqnqxA)
28.07.2022 - 18:37:37 - [TAB v3.1.2] Something just tried to add player XanyXerus into team 1 (expected team: 08XanyXerusA)
28.07.2022 - 18:37:37 - [TAB v3.1.2] Something just tried to add player Zqnqx into team 16 (expected team: 02ZqnqxA)
28.07.2022 - 18:37:37 - [TAB v3.1.2] Something just tried to add player XanyXerus into team 20 (expected team: 08XanyXerusA)
28.07.2022 - 18:37:37 - [TAB v3.1.2] Something just tried to add player Zqnqx into team 0 (expected team: 02ZqnqxA)
28.07.2022 - 18:37:37 - [TAB v3.1.2] Something just tried to add player XanyXerus into team 1 (expected team: 08XanyXerusA)
28.07.2022 - 18:39:05 - [TAB v3.1.2] Something just tried to add player Zqnqx into team 16 (expected team: 02ZqnqxA)
28.07.2022 - 18:39:05 - [TAB v3.1.2] Something just tried to add player XanyXerus into team 20 (expected team: 08XanyXerusA)
30.07.2022 - 15:41:23 - [TAB v3.1.2] Something just tried to add player BaneOfNoobs6 into team CIT-2001a3ae71a0 (expected team: 010BaneOfNoobs6A)
31.07.2022 - 18:28:05 - [TAB v3.1.2] Something just tried to add player skdu into team CIT-b6ea83a4d16e (expected team: 010skduA)
01.08.2022 - 00:27:15 - [TAB v3.1.2] Something just tried to add player bobderaa into team CIT-75af1c916eed (expected team: 010bobderaaA)
01.08.2022 - 00:52:19 - [TAB v3.1.2] Something just tried to add player skdu into team CIT-a8ba3da3c788 (expected team: 010skduA)
02.08.2022 - 02:58:56 - [TAB v3.1.2] Something just tried to add player Zqnqx into team CIT-4d2229aacecb (expected team: 002ZqnqxA)
06.08.2022 - 18:38:50 - [TAB v3.1.2] Something just tried to add player bobderaa into team CIT-6fad5802c032 (expected team: 011bobderaaA)
07.08.2022 - 00:35:21 - [TAB v3.1.2] Something just tried to add player thesummerduck into team CIT-249a81ba5a04 (expected team: 011thesummerducA)
07.08.2022 - 19:57:43 - [TAB v3.1.2] Something just tried to add player thesummerduck into team CIT-6ed9d20677ae (expected team: 011thesummerducA)
09.08.2022 - 15:38:42 - [TAB v3.1.2] Something just tried to add player bobderaa into team CIT-6157cdc73012 (expected team: 011bobderaaA)
09.08.2022 - 19:34:48 - [TAB v3.1.2] Something just tried to add player skdu into team CIT-f33cdaaf726e (expected team: 011skduA)
10.08.2022 - 14:43:52 - [TAB v3.1.2] Something just tried to add player AppleCommunity into team CIT-761baaa54f02 (expected team: 011AppleCommuniA)
10.08.2022 - 15:53:06 - [TAB v3.1.2] Something just tried to add player bobderaa into team CIT-6f750dfdbefc (expected team: 011bobderaaA)
10.08.2022 - 18:05:32 - [TAB v3.1.2] Something just tried to add player skdu into team CIT-1772c644d9c1 (expected team: 011skduA)
13.08.2022 - 14:12:40 - [TAB v3.1.2] Something just tried to add player AppleCommunity into team CIT-66eb255789da (expected team: 011AppleCommuniA)
13.08.2022 - 15:39:12 - [TAB v3.1.2] Something just tried to add player bobderaa into team CIT-22c00990bd2e (expected team: 011bobderaaA)
13.08.2022 - 18:29:20 - [TAB v3.1.2] Something just tried to add player AppleCommunity into team CIT-1936704fe326 (expected team: 011AppleCommuniA)
16.08.2022 - 00:19:15 - [TAB v3.1.2] Something just tried to add player XanyXerus into team CIT-348b786f0171 (expected team: 011XanyXerusA)
