[00:09:13] [ServerMain/INFO]: Building unoptimized datafixer
[00:09:14] [ServerMain/INFO]: Environment: authHost='https://authserver.mojang.com', accountsHost='https://api.mojang.com', sessionHost='https://sessionserver.mojang.com', servicesHost='https://api.minecraftservices.com', name='PROD'
[00:09:14] [ServerMain/INFO]: Found new data pack file/bukkit, loading it automatically
[00:09:15] [ServerMain/INFO]: Loaded 7 recipes
[00:09:16] [Server thread/INFO]: Starting minecraft server version 1.19.1
[00:09:16] [Server thread/INFO]: Loading properties
[00:09:17] [Server thread/INFO]: This server is running Paper version git-Paper-86 (MC: 1.19.1) (Implementing API version 1.19.1-R0.1-SNAPSHOT) (Git: 4a4ee79)
[00:09:17] [Server thread/INFO]: Server Ping Player Sample Count: 12
[00:09:17] [Server thread/INFO]: Using 4 threads for Netty based IO
[00:09:17] [Server thread/INFO]: Default game type: SURVIVAL
[00:09:17] [Server thread/INFO]: Generating keypair
[00:09:17] [Server thread/INFO]: Starting Minecraft server on 0.0.0.0:25568
[00:09:17] [Server thread/INFO]: Using epoll channel type
[00:09:17] [Server thread/INFO]: Paper: Using libdeflate (Linux x86_64) compression from Velocity.
[00:09:17] [Server thread/INFO]: Paper: Using OpenSSL 1.1.x (Linux x86_64) cipher from Velocity.
[00:09:17] [Server thread/INFO]: Preparing level "world"
[00:09:30] [Server thread/INFO]: Preparing start region for dimension minecraft:overworld
[00:09:31] [Worker-Main-1/INFO]: Preparing spawn area: 0%
[00:09:31] [Server thread/INFO]: Time elapsed: 377 ms
[00:09:31] [Server thread/INFO]: Preparing start region for dimension minecraft:the_nether
[00:09:31] [Server thread/INFO]: Time elapsed: 398 ms
[00:09:31] [Server thread/INFO]: Preparing start region for dimension minecraft:the_end
[00:09:31] [Server thread/INFO]: Time elapsed: 210 ms
[00:09:31] [Server thread/INFO]: Starting GS4 status listener
[00:09:31] [Query Listener #1/INFO]: Query running on 0.0.0.0:25568
[00:09:31] [Server thread/INFO]: Thread Query Listener started
[00:09:31] [Server thread/INFO]: Running delayed init tasks
[00:09:31] [Server thread/INFO]: Done (15.001s)! For help, type "help"
[00:09:31] [Server thread/INFO]: Timings Reset
[01:22:50] [Server thread/INFO]: TPS from last 1m, 5m, 15m: 20.0, 20.0, 20.0
[01:22:52] [Server thread/INFO]: Unknown command. Type "/help" for help.
[01:37:14] [Server thread/INFO]: Unknown command. Type "/help" for help.
[01:37:18] [Server thread/INFO]: Server tick times (avg/min/max) from last 5s, 10s, 1m:
[01:37:18] [Server thread/INFO]: ◴ 1.4/1.2/2.6, 1.4/1.1/2.8, 1.4/1.1/3.3
[04:06:50] [Server thread/INFO]: Stopping the server
[04:06:50] [Server thread/INFO]: Stopping server
[04:06:50] [Server thread/INFO]: Saving players
[04:06:50] [Server thread/INFO]: Saving worlds
[04:06:52] [Server thread/INFO]: Saving chunks for level 'ServerLevel[world]'/minecraft:overworld
[04:06:52] [Server thread/INFO]: Saving chunks for level 'ServerLevel[world_nether]'/minecraft:the_nether
[04:06:52] [Server thread/INFO]: Saving chunks for level 'ServerLevel[world_the_end]'/minecraft:the_end
[04:06:52] [Server thread/INFO]: ThreadedAnvilChunkStorage (world): All chunks are saved
[04:06:52] [Server thread/INFO]: ThreadedAnvilChunkStorage (DIM-1): All chunks are saved
[04:06:52] [Server thread/INFO]: ThreadedAnvilChunkStorage (DIM1): All chunks are saved
[04:06:52] [Server thread/INFO]: ThreadedAnvilChunkStorage: All dimensions are saved
[04:06:52] [Server thread/INFO]: Flushing Chunk IO
[04:06:52] [Server thread/INFO]: Closing Thread Pool
[04:06:52] [Server thread/INFO]: Closing Server
